iMPACT Version: 14.7

iMPACT log file Started on Mon Mar 15 09:24:07 2021

Welcome to iMPACT
iMPACT Version: 14.7
// *** BATCH CMD : setMode -bs
GUI --- Auto connect to cable...
// *** BATCH CMD : setCable -port auto
INFO:iMPACT - Digilent Plugin: Plugin Version: 2.4.4
INFO:iMPACT - Digilent Plugin: found 1 device(s).
INFO:iMPACT - Digilent Plugin: opening device: "JtagHs2", SN:210249937204
INFO:iMPACT - Digilent Plugin: User Name: JtagHs2
INFO:iMPACT - Digilent Plugin: Product Name: Digilent JTAG-HS2
INFO:iMPACT - Digilent Plugin: Serial Number: 210249937204
INFO:iMPACT - Digilent Plugin: Product ID: 30900152
INFO:iMPACT - Digilent Plugin: Firmware Version: 0108
INFO:iMPACT - Digilent Plugin: JTAG Port Number: 0
INFO:iMPACT - Digilent Plugin: JTAG Clock Frequency: 10000000 Hz
Attempting to identify devices in the boundary-scan chain configuration...
INFO:iMPACT - Current time: 3/15/2021 9:24:16 AM
// *** BATCH CMD : Identify -inferir 
PROGRESS_START - Starting Operation.
Identifying chain contents...'0': : Manufacturer's ID = Xilinx xcf02s, Version : 15
INFO:iMPACT:1777 - 
   Reading C:/Xilinx/14.7/ISE_DS/ISE/xcf/data/xcf02s.bsd...
INFO:iMPACT:501 - '1': Added Device xcf02s successfully.
----------------------------------------------------------------------
'1': : Manufacturer's ID = Xilinx xc3s200, Version : 0
INFO:iMPACT:1777 - 
   Reading C:/Xilinx/14.7/ISE_DS/ISE/spartan3/data/xc3s200.bsd...
INFO:iMPACT:501 - '1': Added Device xc3s200 successfully.
----------------------------------------------------------------------
done.
PROGRESS_END - End Operation.
Elapsed time =      0 sec.
// *** BATCH CMD : identifyMPM 
// *** BATCH CMD : assignFile -p 1 -file"C:/Users/FPGA_user/Desktop/xillinx_3/Anish/seg_ctrl.bit"
'1': Loading file 'C:/Users/FPGA_user/Desktop/xillinx_3/Anish/seg_ctrl.bit' ...
done.
INFO:iMPACT:2257 - Startup Clock has been changed to 'JtagClk' in the bitstream   stored in memory,
   but the original bitstream file remains unchanged.
UserID read from the bitstream file = 0xFFFFFFFF.
----------------------------------------------------------------------
INFO:iMPACT:501 - '1': Added Device xc3s200 successfully.
----------------------------------------------------------------------
INFO:iMPACT - Current time: 3/15/2021 9:24:43 AM
// *** BATCH CMD : Program -p 1 
Maximum TCK operating frequency for this device chain: 15000000.
Validating chain...
Boundary-scan chain validated successfully.
'1': Programming device...
PROGRESS_START - Starting Operation.
 Match_cycle = NoWait.
Match cycle: NoWait
 LCK_cycle = NoWait.
LCK cycle: NoWait
done.
INFO:iMPACT:2219 - Status register values:
INFO:iMPACT - 0011 0111 0001 1000 0000 0000 0000 0000 
INFO:iMPACT:579 - '1': Completed downloading bit file to device.
INFO:iMPACT:188 - '1': Programming completed successfully.
 Match_cycle = NoWait.
Match cycle: NoWait
 LCK_cycle = NoWait.
LCK cycle: NoWait
INFO:iMPACT - '1': Checking done pin....done.
'1': Programmed successfully.
PROGRESS_END - End Operation.
Elapsed time =      0 sec.
// *** BATCH CMD : deleteDevice -position 1
----------------------------------------------------------------------
// *** BATCH CMD : deleteDevice -position 1
